<?xml version="1.0" encoding="UTF-8"?>
<testsuite xmlns:xsi="http://www.w3.org/2001/XMLSchema-instance" xsi:noNamespaceSchemaLocation="https://maven.apache.org/surefire/maven-surefire-plugin/xsd/surefire-test-report.xsd" name="unit.ventas.VentasTest" time="0.007" tests="4" errors="0" skipped="0" failures="0">
  <properties>
[...]
</properties>
  <testcase name="TotalEsTipoDoubleTest" classname="unit.ventas.VentasTest" time="0"/>
  <testcase name="TotalFactorizadoPor200Test" classname="unit.ventas.VentasTest" time="0"/>
  <testcase name="VentaTieneAtributoPagoDeTipoPagoTest" classname="unit.ventas.VentasTest" time="0"/>
  <testcase name="VentaTieneAsociadoUnPago" classname="unit.ventas.VentasTest" time="0"/>
</testsuite>