<?xml version="1.0" encoding="UTF-8"?>
<testsuite xmlns:xsi="http://www.w3.org/2001/XMLSchema-instance" xsi:noNamespaceSchemaLocation="https://maven.apache.org/surefire/maven-surefire-plugin/xsd/surefire-test-report.xsd" name="unit.ventas.VentasTest" time="0.022" tests="4" errors="0" skipped="0" failures="1">
  <properties>
[...]
</properties>
  <testcase name="TotalEsTipoDoubleTest" classname="unit.ventas.VentasTest" time="0.002"/>
  <testcase name="TotalFactorizadoPor200Test" classname="unit.ventas.VentasTest" time="0.009">
    <failure message="expected: &lt;400100.0&gt; but was: &lt;400000.0&gt;" type="org.opentest4j.AssertionFailedError"><![CDATA[org.opentest4j.AssertionFailedError: expected: <400100.0> but was: <400000.0>
	at unit.ventas.VentasTest.TotalFactorizadoPor200Test(VentasTest.java:29)
]]></failure>
  </testcase>
  <testcase name="VentaTieneAtributoPagoDeTipoPagoTest" classname="unit.ventas.VentasTest" time="0.002"/>
  <testcase name="VentaTieneAsociadoUnPago" classname="unit.ventas.VentasTest" time="0.002"/>
</testsuite>